<?xml version="1.0" encoding="UTF-8"?>
<testng-results ignored="0" total="1" passed="1" failed="0" skipped="0">
  <reporter-output>
  </reporter-output>
  <suite started-at="2022-09-28T10:53:24 BST" name="Default Suite" finished-at="2022-09-28T10:56:22 BST" duration-ms="177722">
    <groups>
    </groups>
    <test started-at="2022-09-28T10:53:24 BST" name="SeleniumAssesment" finished-at="2022-09-28T10:56:22 BST" duration-ms="177722">
      <class name="org.qualitest.pages.BookingTest">
        <test-method is-config="true" signature="InitializeBrowser()[pri:0, instance:org.qualitest.pages.BookingTest@5fa07e12]" started-at="2022-09-28T10:53:24 BST" name="InitializeBrowser" finished-at="2022-09-28T10:53:44 BST" duration-ms="19823" status="PASS">
          <reporter-output>
          </reporter-output>
        </test-method> <!-- InitializeBrowser -->
        <test-method signature="booking()[pri:0, instance:org.qualitest.pages.BookingTest@5fa07e12]" started-at="2022-09-28T10:53:44 BST" name="booking" finished-at="2022-09-28T10:56:21 BST" duration-ms="156900" status="PASS">
          <reporter-output>
          </reporter-output>
        </test-method> <!-- booking -->
        <test-method is-config="true" signature="CloseBrowser()[pri:0, instance:org.qualitest.pages.BookingTest@5fa07e12]" started-at="2022-09-28T10:56:21 BST" name="CloseBrowser" finished-at="2022-09-28T10:56:22 BST" duration-ms="918" status="PASS">
          <reporter-output>
          </reporter-output>
        </test-method> <!-- CloseBrowser -->
      </class> <!-- org.qualitest.pages.BookingTest -->
    </test> <!-- SeleniumAssesment -->
  </suite> <!-- Default Suite -->
</testng-results>
